0 verbose cli /usr/bin/node /usr/bin/npm
1 info using npm@11.0.0
2 info using node@v23.4.0
3 silly config load:file:/usr/lib/node_modules/npm/npmrc
4 silly config load:file:/home/tk/.npmrc
5 silly config load:file:/etc/npmrc
6 verbose title npm install sass
7 verbose argv "install" "--global" "sass"
8 verbose logfile logs-max:10 dir:/home/tk/.npm/_logs/2024-12-24T16_41_44_877Z-
9 verbose logfile /home/tk/.npm/_logs/2024-12-24T16_41_44_877Z-debug-0.log
10 silly packumentCache heap:4345298944 maxSize:1086324736 maxEntrySize:543162368
11 silly logfile done cleaning log files
12 silly idealTree buildDeps
13 silly fetch manifest sass@*
14 silly packumentCache full:https://registry.npmjs.org/sass cache-miss
15 http fetch GET https://registry.npmjs.org/sass attempt 1 failed with EAI_AGAIN
16 http fetch GET 200 https://registry.npmjs.org/sass 10238ms attempt #2 (cache miss)
17 silly packumentCache full:https://registry.npmjs.org/sass set size:undefined disposed:false
18 silly placeDep ROOT sass@1.83.0 OK for:  want: *
19 silly fetch manifest chokidar@^4.0.0
20 silly packumentCache full:https://registry.npmjs.org/chokidar cache-miss
21 silly fetch manifest immutable@^5.0.2
22 silly packumentCache full:https://registry.npmjs.org/immutable cache-miss
23 silly fetch manifest source-map-js@>=0.6.2 <2.0.0
24 silly packumentCache full:https://registry.npmjs.org/source-map-js cache-miss
25 silly fetch manifest @parcel/watcher@^2.4.1
26 silly packumentCache full:https://registry.npmjs.org/@parcel%2fwatcher cache-miss
27 http fetch GET 200 https://registry.npmjs.org/immutable 58ms (cache miss)
28 silly packumentCache full:https://registry.npmjs.org/immutable set size:undefined disposed:false
29 http fetch GET 200 https://registry.npmjs.org/source-map-js 102ms (cache miss)
30 silly packumentCache full:https://registry.npmjs.org/source-map-js set size:undefined disposed:false
31 http fetch GET 200 https://registry.npmjs.org/chokidar 116ms (cache miss)
32 silly packumentCache full:https://registry.npmjs.org/chokidar set size:undefined disposed:false
33 http fetch GET 200 https://registry.npmjs.org/@parcel%2fwatcher 124ms (cache miss)
34 silly packumentCache full:https://registry.npmjs.org/@parcel%2fwatcher set size:undefined disposed:false
35 silly placeDep node_modules/sass @parcel/watcher@2.5.0 OK for: sass@1.83.0 want: ^2.4.1
36 silly placeDep node_modules/sass chokidar@4.0.3 OK for: sass@1.83.0 want: ^4.0.0
37 silly placeDep node_modules/sass immutable@5.0.3 OK for: sass@1.83.0 want: ^5.0.2
38 silly placeDep node_modules/sass source-map-js@1.2.1 OK for: sass@1.83.0 want: >=0.6.2 <2.0.0
39 silly fetch manifest detect-libc@^1.0.3
40 silly packumentCache full:https://registry.npmjs.org/detect-libc cache-miss
41 silly fetch manifest is-glob@^4.0.3
42 silly packumentCache full:https://registry.npmjs.org/is-glob cache-miss
43 silly fetch manifest micromatch@^4.0.5
44 silly packumentCache full:https://registry.npmjs.org/micromatch cache-miss
45 silly fetch manifest node-addon-api@^7.0.0
46 silly packumentCache full:https://registry.npmjs.org/node-addon-api cache-miss
47 silly fetch manifest @parcel/watcher-darwin-x64@2.5.0
48 silly packumentCache full:https://registry.npmjs.org/@parcel%2fwatcher-darwin-x64 cache-miss
49 silly fetch manifest @parcel/watcher-darwin-arm64@2.5.0
50 silly packumentCache full:https://registry.npmjs.org/@parcel%2fwatcher-darwin-arm64 cache-miss
51 silly fetch manifest @parcel/watcher-win32-x64@2.5.0
52 silly packumentCache full:https://registry.npmjs.org/@parcel%2fwatcher-win32-x64 cache-miss
53 silly fetch manifest @parcel/watcher-win32-arm64@2.5.0
54 silly packumentCache full:https://registry.npmjs.org/@parcel%2fwatcher-win32-arm64 cache-miss
55 silly fetch manifest @parcel/watcher-win32-ia32@2.5.0
56 silly packumentCache full:https://registry.npmjs.org/@parcel%2fwatcher-win32-ia32 cache-miss
57 silly fetch manifest @parcel/watcher-linux-x64-glibc@2.5.0
58 silly packumentCache full:https://registry.npmjs.org/@parcel%2fwatcher-linux-x64-glibc cache-miss
59 silly fetch manifest @parcel/watcher-linux-x64-musl@2.5.0
60 silly packumentCache full:https://registry.npmjs.org/@parcel%2fwatcher-linux-x64-musl cache-miss
61 silly fetch manifest @parcel/watcher-linux-arm64-glibc@2.5.0
62 silly packumentCache full:https://registry.npmjs.org/@parcel%2fwatcher-linux-arm64-glibc cache-miss
63 silly fetch manifest @parcel/watcher-linux-arm64-musl@2.5.0
64 silly packumentCache full:https://registry.npmjs.org/@parcel%2fwatcher-linux-arm64-musl cache-miss
65 silly fetch manifest @parcel/watcher-linux-arm-glibc@2.5.0
66 silly packumentCache full:https://registry.npmjs.org/@parcel%2fwatcher-linux-arm-glibc cache-miss
67 silly fetch manifest @parcel/watcher-linux-arm-musl@2.5.0
68 silly packumentCache full:https://registry.npmjs.org/@parcel%2fwatcher-linux-arm-musl cache-miss
69 http fetch GET 200 https://registry.npmjs.org/is-glob 111ms (cache miss)
70 silly packumentCache full:https://registry.npmjs.org/is-glob set size:undefined disposed:false
71 silly fetch manifest @parcel/watcher-android-arm64@2.5.0
72 silly packumentCache full:https://registry.npmjs.org/@parcel%2fwatcher-android-arm64 cache-miss
73 http fetch GET 200 https://registry.npmjs.org/@parcel%2fwatcher-darwin-arm64 111ms (cache miss)
74 silly packumentCache full:https://registry.npmjs.org/@parcel%2fwatcher-darwin-arm64 set size:undefined disposed:false
75 silly fetch manifest @parcel/watcher-freebsd-x64@2.5.0
76 silly packumentCache full:https://registry.npmjs.org/@parcel%2fwatcher-freebsd-x64 cache-miss
77 http fetch GET 200 https://registry.npmjs.org/@parcel%2fwatcher-darwin-x64 116ms (cache miss)
78 silly packumentCache full:https://registry.npmjs.org/@parcel%2fwatcher-darwin-x64 set size:undefined disposed:false
79 silly fetch manifest readdirp@^4.0.1
80 silly packumentCache full:https://registry.npmjs.org/readdirp cache-miss
81 http fetch GET 200 https://registry.npmjs.org/node-addon-api 121ms (cache miss)
82 silly packumentCache full:https://registry.npmjs.org/node-addon-api set size:undefined disposed:false
83 http fetch GET 200 https://registry.npmjs.org/@parcel%2fwatcher-win32-x64 188ms (cache miss)
84 silly packumentCache full:https://registry.npmjs.org/@parcel%2fwatcher-win32-x64 set size:undefined disposed:false
85 http fetch GET 200 https://registry.npmjs.org/@parcel%2fwatcher-android-arm64 79ms (cache miss)
86 silly packumentCache full:https://registry.npmjs.org/@parcel%2fwatcher-android-arm64 set size:undefined disposed:false
87 http fetch GET 200 https://registry.npmjs.org/@parcel%2fwatcher-win32-arm64 191ms (cache miss)
88 silly packumentCache full:https://registry.npmjs.org/@parcel%2fwatcher-win32-arm64 set size:undefined disposed:false
89 http fetch GET 200 https://registry.npmjs.org/@parcel%2fwatcher-freebsd-x64 80ms (cache miss)
90 silly packumentCache full:https://registry.npmjs.org/@parcel%2fwatcher-freebsd-x64 set size:undefined disposed:false
91 http fetch GET 200 https://registry.npmjs.org/detect-libc 196ms (cache miss)
92 silly packumentCache full:https://registry.npmjs.org/detect-libc set size:undefined disposed:false
93 http fetch GET 200 https://registry.npmjs.org/@parcel%2fwatcher-win32-ia32 193ms (cache miss)
94 silly packumentCache full:https://registry.npmjs.org/@parcel%2fwatcher-win32-ia32 set size:undefined disposed:false
95 http fetch GET 200 https://registry.npmjs.org/@parcel%2fwatcher-linux-arm64-glibc 194ms (cache miss)
96 silly packumentCache full:https://registry.npmjs.org/@parcel%2fwatcher-linux-arm64-glibc set size:undefined disposed:false
97 http fetch GET 200 https://registry.npmjs.org/@parcel%2fwatcher-linux-x64-musl 196ms (cache miss)
98 silly packumentCache full:https://registry.npmjs.org/@parcel%2fwatcher-linux-x64-musl set size:undefined disposed:false
99 http fetch GET 200 https://registry.npmjs.org/@parcel%2fwatcher-linux-x64-glibc 196ms (cache miss)
100 silly packumentCache full:https://registry.npmjs.org/@parcel%2fwatcher-linux-x64-glibc set size:undefined disposed:false
101 http fetch GET 200 https://registry.npmjs.org/@parcel%2fwatcher-linux-arm-glibc 196ms (cache miss)
102 silly packumentCache full:https://registry.npmjs.org/@parcel%2fwatcher-linux-arm-glibc set size:undefined disposed:false
103 http fetch GET 200 https://registry.npmjs.org/@parcel%2fwatcher-linux-arm64-musl 196ms (cache miss)
104 silly packumentCache full:https://registry.npmjs.org/@parcel%2fwatcher-linux-arm64-musl set size:undefined disposed:false
105 http fetch GET 200 https://registry.npmjs.org/readdirp 86ms (cache miss)
106 silly packumentCache full:https://registry.npmjs.org/readdirp set size:undefined disposed:false
107 http fetch GET 200 https://registry.npmjs.org/micromatch 207ms (cache miss)
108 silly packumentCache full:https://registry.npmjs.org/micromatch set size:undefined disposed:false
109 http fetch GET 200 https://registry.npmjs.org/@parcel%2fwatcher-linux-arm-musl 571ms (cache miss)
110 silly packumentCache full:https://registry.npmjs.org/@parcel%2fwatcher-linux-arm-musl set size:undefined disposed:false
111 silly placeDep node_modules/sass @parcel/watcher-android-arm64@2.5.0 OK for: @parcel/watcher@2.5.0 want: 2.5.0
112 silly placeDep node_modules/sass @parcel/watcher-darwin-arm64@2.5.0 OK for: @parcel/watcher@2.5.0 want: 2.5.0
113 silly placeDep node_modules/sass @parcel/watcher-darwin-x64@2.5.0 OK for: @parcel/watcher@2.5.0 want: 2.5.0
114 silly placeDep node_modules/sass @parcel/watcher-freebsd-x64@2.5.0 OK for: @parcel/watcher@2.5.0 want: 2.5.0
115 silly placeDep node_modules/sass @parcel/watcher-linux-arm-glibc@2.5.0 OK for: @parcel/watcher@2.5.0 want: 2.5.0
116 silly placeDep node_modules/sass @parcel/watcher-linux-arm-musl@2.5.0 OK for: @parcel/watcher@2.5.0 want: 2.5.0
117 silly placeDep node_modules/sass @parcel/watcher-linux-arm64-glibc@2.5.0 OK for: @parcel/watcher@2.5.0 want: 2.5.0
118 silly placeDep node_modules/sass @parcel/watcher-linux-arm64-musl@2.5.0 OK for: @parcel/watcher@2.5.0 want: 2.5.0
119 silly placeDep node_modules/sass @parcel/watcher-linux-x64-glibc@2.5.0 OK for: @parcel/watcher@2.5.0 want: 2.5.0
120 silly placeDep node_modules/sass @parcel/watcher-linux-x64-musl@2.5.0 OK for: @parcel/watcher@2.5.0 want: 2.5.0
121 silly placeDep node_modules/sass @parcel/watcher-win32-arm64@2.5.0 OK for: @parcel/watcher@2.5.0 want: 2.5.0
122 silly placeDep node_modules/sass @parcel/watcher-win32-ia32@2.5.0 OK for: @parcel/watcher@2.5.0 want: 2.5.0
123 silly placeDep node_modules/sass @parcel/watcher-win32-x64@2.5.0 OK for: @parcel/watcher@2.5.0 want: 2.5.0
124 silly placeDep node_modules/sass detect-libc@1.0.3 OK for: @parcel/watcher@2.5.0 want: ^1.0.3
125 silly placeDep node_modules/sass is-glob@4.0.3 OK for: @parcel/watcher@2.5.0 want: ^4.0.3
126 silly placeDep node_modules/sass micromatch@4.0.8 OK for: @parcel/watcher@2.5.0 want: ^4.0.5
127 silly placeDep node_modules/sass node-addon-api@7.1.1 OK for: @parcel/watcher@2.5.0 want: ^7.0.0
128 silly fetch manifest is-extglob@^2.1.1
129 silly packumentCache full:https://registry.npmjs.org/is-extglob cache-miss
130 silly fetch manifest braces@^3.0.3
131 silly packumentCache full:https://registry.npmjs.org/braces cache-miss
132 silly fetch manifest picomatch@^2.3.1
133 silly packumentCache full:https://registry.npmjs.org/picomatch cache-miss
134 http fetch GET 200 https://registry.npmjs.org/is-extglob 46ms (cache miss)
135 silly packumentCache full:https://registry.npmjs.org/is-extglob set size:undefined disposed:false
136 http fetch GET 200 https://registry.npmjs.org/braces 46ms (cache miss)
137 silly packumentCache full:https://registry.npmjs.org/braces set size:undefined disposed:false
138 http fetch GET 200 https://registry.npmjs.org/picomatch 51ms (cache miss)
139 silly packumentCache full:https://registry.npmjs.org/picomatch set size:undefined disposed:false
140 silly placeDep node_modules/sass readdirp@4.0.2 OK for: chokidar@4.0.3 want: ^4.0.1
141 silly placeDep node_modules/sass is-extglob@2.1.1 OK for: is-glob@4.0.3 want: ^2.1.1
142 silly placeDep node_modules/sass braces@3.0.3 OK for: micromatch@4.0.8 want: ^3.0.3
143 silly placeDep node_modules/sass picomatch@2.3.1 OK for: micromatch@4.0.8 want: ^2.3.1
144 silly fetch manifest fill-range@^7.1.1
145 silly packumentCache full:https://registry.npmjs.org/fill-range cache-miss
146 http fetch GET 200 https://registry.npmjs.org/fill-range 38ms (cache miss)
147 silly packumentCache full:https://registry.npmjs.org/fill-range set size:undefined disposed:false
148 silly placeDep node_modules/sass fill-range@7.1.1 OK for: braces@3.0.3 want: ^7.1.1
149 silly fetch manifest to-regex-range@^5.0.1
150 silly packumentCache full:https://registry.npmjs.org/to-regex-range cache-miss
151 http fetch GET 200 https://registry.npmjs.org/to-regex-range 144ms (cache miss)
152 silly packumentCache full:https://registry.npmjs.org/to-regex-range set size:undefined disposed:false
153 silly placeDep node_modules/sass to-regex-range@5.0.1 OK for: fill-range@7.1.1 want: ^5.0.1
154 silly fetch manifest is-number@^7.0.0
155 silly packumentCache full:https://registry.npmjs.org/is-number cache-miss
156 http fetch GET 200 https://registry.npmjs.org/is-number 47ms (cache miss)
157 silly packumentCache full:https://registry.npmjs.org/is-number set size:undefined disposed:false
158 silly placeDep node_modules/sass is-number@7.0.0 OK for: to-regex-range@5.0.1 want: ^7.0.0
159 silly reify moves {}
160 verbose stack Error: EACCES: permission denied, mkdir '/usr/lib/node_modules/sass'
160 verbose stack     at async mkdir (node:internal/fs/promises:858:10)
160 verbose stack     at async /usr/lib/node_modules/npm/node_modules/@npmcli/arborist/lib/arborist/reify.js:624:20
160 verbose stack     at async Promise.allSettled (index 0)
160 verbose stack     at async [reifyPackages] (/usr/lib/node_modules/npm/node_modules/@npmcli/arborist/lib/arborist/reify.js:325:11)
160 verbose stack     at async Arborist.reify (/usr/lib/node_modules/npm/node_modules/@npmcli/arborist/lib/arborist/reify.js:142:5)
160 verbose stack     at async Install.exec (/usr/lib/node_modules/npm/lib/commands/install.js:150:5)
160 verbose stack     at async Npm.exec (/usr/lib/node_modules/npm/lib/npm.js:207:9)
160 verbose stack     at async module.exports (/usr/lib/node_modules/npm/lib/cli/entry.js:69:5)
161 error code EACCES
162 error syscall mkdir
163 error path /usr/lib/node_modules/sass
164 error errno -13
165 error Error: EACCES: permission denied, mkdir '/usr/lib/node_modules/sass'
165 error     at async mkdir (node:internal/fs/promises:858:10)
165 error     at async /usr/lib/node_modules/npm/node_modules/@npmcli/arborist/lib/arborist/reify.js:624:20
165 error     at async Promise.allSettled (index 0)
165 error     at async [reifyPackages] (/usr/lib/node_modules/npm/node_modules/@npmcli/arborist/lib/arborist/reify.js:325:11)
165 error     at async Arborist.reify (/usr/lib/node_modules/npm/node_modules/@npmcli/arborist/lib/arborist/reify.js:142:5)
165 error     at async Install.exec (/usr/lib/node_modules/npm/lib/commands/install.js:150:5)
165 error     at async Npm.exec (/usr/lib/node_modules/npm/lib/npm.js:207:9)
165 error     at async module.exports (/usr/lib/node_modules/npm/lib/cli/entry.js:69:5) {
165 error   errno: -13,
165 error   code: 'EACCES',
165 error   syscall: 'mkdir',
165 error   path: '/usr/lib/node_modules/sass'
165 error }
166 error
166 error The operation was rejected by your operating system.
166 error It is likely you do not have the permissions to access this file as the current user
166 error
166 error If you believe this might be a permissions issue, please double-check the
166 error permissions of the file and its containing directories, or try running
166 error the command again as root/Administrator.
167 silly unfinished npm timer reify 1735058505387
168 silly unfinished npm timer reify:createSparse 1735058516724
169 verbose cwd /home/tk
170 verbose os Linux 6.12.6-arch1-1
171 verbose node v23.4.0
172 verbose npm  v11.0.0
173 verbose exit -13
174 verbose code -13
175 error A complete log of this run can be found in: /home/tk/.npm/_logs/2024-12-24T16_41_44_877Z-debug-0.log
