0 verbose cli /usr/bin/node /usr/bin/npm
1 info using npm@10.9.2
2 info using node@v23.4.0
3 silly config load:file:/usr/lib/node_modules/npm/npmrc
4 silly config load:file:/home/tk/.cache/yay/waypaper-engine/src/Waypaper-Engine-2.0.3/.npmrc
5 silly config load:file:/home/tk/.npmrc
6 silly config load:file:/etc/npmrc
7 verbose title npm run build
8 verbose argv "run" "build"
9 verbose logfile logs-max:10 dir:/home/tk/.npm/_logs/2024-12-22T01_22_57_112Z-
10 verbose logfile /home/tk/.npm/_logs/2024-12-22T01_22_57_112Z-debug-0.log
11 silly logfile done cleaning log files
12 http fetch GET 200 https://registry.npmjs.org/npm 198ms
13 verbose cwd /home/tk/.cache/yay/waypaper-engine/src/Waypaper-Engine-2.0.3
14 verbose os Linux 6.12.6-arch1-1
15 verbose node v23.4.0
16 verbose npm  v10.9.2
17 notice
17 notice New [31mmajor[39m version of npm available! [31m10.9.2[39m -> [34m11.0.0[39m
17 notice Changelog: [34mhttps://github.com/npm/cli/releases/tag/v11.0.0[39m
17 notice To update run: [4mnpm install -g npm@11.0.0[24m
17 notice  { force: true, [Symbol(proc-log.meta)]: true }
18 verbose exit 1
19 verbose code 1
